2026-06-09 16:01:36,867 [INFO] === Validation OK ===
2026-06-09 16:01:36,867 [INFO] Total customers : 3000
2026-06-09 16:01:36,867 [INFO] Active          : 2574
2026-06-09 16:01:36,868 [INFO] Churned         : 371 (12.4%)
2026-06-09 16:01:36,868 [INFO] Total MRR       : $507,490.28
2026-06-09 16:01:36,868 [INFO] Đã ghi logs/last_updated.txt: 2026-06-09
2026-06-10 14:25:00,852 [INFO] === Validation OK ===
2026-06-10 14:25:00,853 [INFO] Total customers : 3000
2026-06-10 14:25:00,853 [INFO] Active          : 2574
2026-06-10 14:25:00,853 [INFO] Churned         : 371 (12.4%)
2026-06-10 14:25:00,853 [INFO] Total MRR       : $507,490.28
2026-06-10 14:25:00,853 [INFO] Đã ghi logs/last_updated.txt: 2026-06-10
2026-06-11 14:39:52,987 [INFO] === Validation OK ===
2026-06-11 14:39:52,987 [INFO] Total customers : 3000
2026-06-11 14:39:52,987 [INFO] Active          : 2574
2026-06-11 14:39:52,987 [INFO] Churned         : 371 (12.4%)
2026-06-11 14:39:52,987 [INFO] Total MRR       : $507,490.28
2026-06-11 14:39:52,987 [INFO] Đã ghi logs/last_updated.txt: 2026-06-11
2026-06-12 14:11:13,720 [INFO] === Validation OK ===
2026-06-12 14:11:13,721 [INFO] Total customers : 3000
2026-06-12 14:11:13,721 [INFO] Active          : 2574
2026-06-12 14:11:13,721 [INFO] Churned         : 371 (12.4%)
2026-06-12 14:11:13,721 [INFO] Total MRR       : $507,490.28
2026-06-12 14:11:13,721 [INFO] Đã ghi logs/last_updated.txt: 2026-06-12
2026-06-15 16:18:52,563 [INFO] === Validation OK ===
2026-06-15 16:18:52,563 [INFO] Total customers : 3000
2026-06-15 16:18:52,563 [INFO] Active          : 2574
2026-06-15 16:18:52,563 [INFO] Churned         : 371 (12.4%)
2026-06-15 16:18:52,563 [INFO] Total MRR       : $507,490.28
2026-06-15 16:18:52,564 [INFO] Đã ghi logs/last_updated.txt: 2026-06-15
2026-06-16 15:57:06,720 [INFO] === Validation OK ===
2026-06-16 15:57:06,721 [INFO] Total customers : 3000
2026-06-16 15:57:06,721 [INFO] Active          : 2574
2026-06-16 15:57:06,721 [INFO] Churned         : 371 (12.4%)
2026-06-16 15:57:06,721 [INFO] Total MRR       : $507,490.28
2026-06-16 15:57:06,721 [INFO] Đã ghi logs/last_updated.txt: 2026-06-16
2026-06-17 14:27:23,816 [INFO] === Validation OK ===
2026-06-17 14:27:23,816 [INFO] Total customers : 3000
2026-06-17 14:27:23,816 [INFO] Active          : 2574
2026-06-17 14:27:23,816 [INFO] Churned         : 371 (12.4%)
2026-06-17 14:27:23,816 [INFO] Total MRR       : $507,490.28
2026-06-17 14:27:23,817 [INFO] Đã ghi logs/last_updated.txt: 2026-06-17
2026-06-18 14:12:18,341 [INFO] === Validation OK ===
2026-06-18 14:12:18,341 [INFO] Total customers : 3000
2026-06-18 14:12:18,341 [INFO] Active          : 2574
2026-06-18 14:12:18,341 [INFO] Churned         : 371 (12.4%)
2026-06-18 14:12:18,341 [INFO] Total MRR       : $507,490.28
2026-06-18 14:12:18,342 [INFO] Đã ghi logs/last_updated.txt: 2026-06-18
2026-06-19 14:14:18,441 [INFO] === Validation OK ===
2026-06-19 14:14:18,441 [INFO] Total customers : 3000
2026-06-19 14:14:18,441 [INFO] Active          : 2574
2026-06-19 14:14:18,441 [INFO] Churned         : 371 (12.4%)
2026-06-19 14:14:18,441 [INFO] Total MRR       : $507,490.28
2026-06-19 14:14:18,441 [INFO] Đã ghi logs/last_updated.txt: 2026-06-19
2026-06-22 15:54:14,679 [INFO] === Validation OK ===
2026-06-22 15:54:14,679 [INFO] Total customers : 3000
2026-06-22 15:54:14,679 [INFO] Active          : 2574
2026-06-22 15:54:14,679 [INFO] Churned         : 371 (12.4%)
2026-06-22 15:54:14,679 [INFO] Total MRR       : $507,490.28
2026-06-22 15:54:14,679 [INFO] Đã ghi logs/last_updated.txt: 2026-06-22
2026-06-23 13:44:19,982 [INFO] === Validation OK ===
2026-06-23 13:44:19,982 [INFO] Total customers : 3000
2026-06-23 13:44:19,983 [INFO] Active          : 2574
2026-06-23 13:44:19,983 [INFO] Churned         : 371 (12.4%)
2026-06-23 13:44:19,983 [INFO] Total MRR       : $507,490.28
2026-06-23 13:44:19,995 [INFO] Đã ghi logs/last_updated.txt: 2026-06-23
2026-06-24 13:23:41,466 [INFO] === Validation OK ===
2026-06-24 13:23:41,466 [INFO] Total customers : 3000
2026-06-24 13:23:41,466 [INFO] Active          : 2574
2026-06-24 13:23:41,466 [INFO] Churned         : 371 (12.4%)
2026-06-24 13:23:41,466 [INFO] Total MRR       : $507,490.28
2026-06-24 13:23:41,466 [INFO] Đã ghi logs/last_updated.txt: 2026-06-24
